<?xml version="1.0" encoding="UTF-8"?>
<!-- Generated by org.testng.reporters.JUnitReportReporter -->
<testsuite skipped="0" hostname="Mahesh77" name="com.HRM.TestCases.TC_ApplyLeaves_004" tests="1" failures="0" timestamp="08 Nov 2019 12:08:54 GMT" time="27.456" errors="0">
  <testcase name="applyLeave" time="27.456" classname="com.HRM.TestCases.TC_ApplyLeaves_004"/>
</testsuite> <!-- com.HRM.TestCases.TC_ApplyLeaves_004 -->
