<?xml version="1.0" encoding="UTF-8"?>
<!-- Generated by org.testng.reporters.JUnitReportReporter -->
<testsuite skipped="0" hostname="Mahesh77" name="com.HRM.TestCases.TC_LoginTest_001" tests="1" failures="0" timestamp="04 Dec 2019 11:30:38 GMT" time="9.697" errors="0">
  <testcase name="loginTest" time="9.697" classname="com.HRM.TestCases.TC_LoginTest_001"/>
</testsuite> <!-- com.HRM.TestCases.TC_LoginTest_001 -->
