<?xml version="1.0" encoding="UTF-8"?>
<!-- Generated by org.testng.reporters.JUnitReportReporter -->
<testsuite skipped="0" hostname="Mahesh77" name="com.HRM.TestCases.TC_TraningSummary_06" tests="1" failures="0" timestamp="08 Nov 2019 12:08:54 GMT" time="26.163" errors="0">
  <testcase name="traningSummary" time="26.163" classname="com.HRM.TestCases.TC_TraningSummary_06"/>
</testsuite> <!-- com.HRM.TestCases.TC_TraningSummary_06 -->
