<?xml version="1.0" encoding="UTF-8"?>
<!-- Generated by org.testng.reporters.JUnitReportReporter -->
<testsuite skipped="0" hostname="Mahesh77" name="com.HRM.TestCases.TC_PersonalDetails_003" tests="1" failures="0" timestamp="09 Nov 2019 06:54:17 GMT" time="26.532" errors="0">
  <testcase name="checkPersonalDetails" time="26.532" classname="com.HRM.TestCases.TC_PersonalDetails_003"/>
</testsuite> <!-- com.HRM.TestCases.TC_PersonalDetails_003 -->
