<?xml version="1.0" encoding="UTF-8"?>
<!-- Generated by org.testng.reporters.JUnitReportReporter -->
<testsuite skipped="0" hostname="Mahesh77" name="com.HRM.TestCases.Tc_MyAttendance_02" tests="1" failures="0" timestamp="09 Nov 2019 05:23:37 GMT" time="32.348" errors="0">
  <testcase name="checkLoginHours" time="32.348" classname="com.HRM.TestCases.Tc_MyAttendance_02"/>
</testsuite> <!-- com.HRM.TestCases.Tc_MyAttendance_02 -->
